
> pump-health@0.0.0 deploy
> npx @cognite/cli@latest apps deploy --interactive

[?25l[36m?[39m [1mSelect deployment target[22m [2m...[22m 
[36m>[39m [36m[4mtridiagonalsolutions/tridcognite-sanbox[24m[39m
  Enter custom target...[2A[32G[2B[2K[F[2K[F[2K[1G[32mΓêÜ[39m [1mSelect deployment target[22m [2m┬╖[22m [36mtridiagonalsolutions/tridcognite-sanbox[39m[38D
[?25h
Deploy (Interactive)
====================
App: Pump Health (pump-health)
Version: 0.0.7
Target: tridcognite-sanbox @ https://aw-was-gp-001.cognitedata.com

≡ƒôª Building app with npm...

> pump-health@0.0.0 build
> tsc && vite build

[36mvite v7.3.5 [32mbuilding client environment for production...[36m[39m
transforming...
[32mΓ£ô[39m 10287 modules transformed.
rendering chunks...
[esbuild css minify]
Γû▓ [WARNING] "file" is not a known CSS property [unsupported-css-property]

    <stdin>:2:38928:
      2 Γöé ...r-select:none}.\[file\:line\]{file:line}.running{animation-play-...
        Γöé                                  ~~~~
        Γò╡                                  flex

  Did you mean "flex" instead?


computing gzip size...
[2mdist/[22m[32massets/manifest-OIDG0HFb.json                    [39m[1m[2m    0.62 kB[22m[1m[22m[2m Γöé gzip:   0.28 kB[22m
[2mdist/[22m[32mindex.html                                       [39m[1m[2m    2.53 kB[22m[1m[22m[2m Γöé gzip:   1.25 kB[22m
[2mdist/[22m[35massets/index-BrmJL0eo.css                        [39m[1m[2m  129.83 kB[22m[1m[22m[2m Γöé gzip:  22.14 kB[22m
[2mdist/[22m[36massets/channel-CxRtNMuQ.js                       [39m[1m[2m    0.11 kB[22m[1m[22m[2m Γöé gzip:   0.12 kB[22m
[2mdist/[22m[36massets/chunk-QZHKN3VN-E8Vu0m3q.js                [39m[1m[2m    0.19 kB[22m[1m[22m[2m Γöé gzip:   0.16 kB[22m
[2mdist/[22m[36massets/chunk-4BX2VUAB-CnDymH7Y.js                [39m[1m[2m    0.22 kB[22m[1m[22m[2m Γöé gzip:   0.17 kB[22m
[2mdist/[22m[36massets/chunk-55IACEB6-Bk3u0nbG.js                [39m[1m[2m    0.23 kB[22m[1m[22m[2m Γöé gzip:   0.20 kB[22m
[2mdist/[22m[36massets/stateDiagram-v2-BHNVJYJU-BG6mzeHR.js      [39m[1m[2m    0.36 kB[22m[1m[22m[2m Γöé gzip:   0.27 kB[22m
[2mdist/[22m[36massets/chunk-FMBD7UC4-BM13PJVV.js                [39m[1m[2m    0.36 kB[22m[1m[22m[2m Γöé gzip:   0.27 kB[22m
[2mdist/[22m[36massets/classDiagram-4FO5ZUOK-lNklumUP.js         [39m[1m[2m    0.43 kB[22m[1m[22m[2m Γöé gzip:   0.30 kB[22m
[2mdist/[22m[36massets/classDiagram-v2-Q7XG4LA2-lNklumUP.js      [39m[1m[2m    0.43 kB[22m[1m[22m[2m Γöé gzip:   0.30 kB[22m
[2mdist/[22m[36massets/highlighted-body-OFNGDK62-_p6zkNRP.js     [39m[1m[2m    0.44 kB[22m[1m[22m[2m Γöé gzip:   0.31 kB[22m
[2mdist/[22m[36massets/chunk-2J33WTMH-DYJuXgXz.js                [39m[1m[2m    0.50 kB[22m[1m[22m[2m Γöé gzip:   0.35 kB[22m
[2mdist/[22m[36massets/codeowners-Bp6g37R7.js                    [39m[1m[2m    0.55 kB[22m[1m[22m[2m Γöé gzip:   0.32 kB[22m
[2mdist/[22m[36massets/infoDiagram-5YYISTIA-Dipvshez.js          [39m[1m[2m    0.55 kB[22m[1m[22m[2m Γöé gzip:   0.38 kB[22m
[2mdist/[22m[36massets/shellsession-BADoaaVG.js                  [39m[1m[2m    0.71 kB[22m[1m[22m[2m Γöé gzip:   0.43 kB[22m
[2mdist/[22m[36massets/tsv-B_m7g4N7.js                           [39m[1m[2m    0.74 kB[22m[1m[22m[2m Γöé gzip:   0.34 kB[22m
[2mdist/[22m[36massets/html-derivative-BFtXZ54Q.js               [39m[1m[2m    0.90 kB[22m[1m[22m[2m Γöé gzip:   0.50 kB[22m
[2mdist/[22m[36massets/git-rebase-r7XF79zn.js                    [39m[1m[2m    0.98 kB[22m[1m[22m[2m Γöé gzip:   0.44 kB[22m
[2mdist/[22m[36massets/qmldir-C8lEn-DE.js                        [39m[1m[2m    1.00 kB[22m[1m[22m[2m Γöé gzip:   0.45 kB[22m
[2mdist/[22m[36massets/csv-fuZLfV_i.js                           [39m[1m[2m    1.14 kB[22m[1m[22m[2m Γöé gzip:   0.37 kB[22m
[2mdist/[22m[36massets/git-commit-F4YmCXRG.js                    [39m[1m[2m    1.23 kB[22m[1m[22m[2m Γöé gzip:   0.53 kB[22m
[2mdist/[22m[36massets/xsl-CtQFsRM5.js                           [39m[1m[2m    1.39 kB[22m[1m[22m[2m Γöé gzip:   0.52 kB[22m
[2mdist/[22m[36massets/dotenv-Da5cRb03.js                        [39m[1m[2m    1.42 kB[22m[1m[22m[2m Γöé gzip:   0.53 kB[22m
[2mdist/[22m[36massets/sparql-rVzFXLq3.js                        [39m[1m[2m    1.48 kB[22m[1m[22m[2m Γöé gzip:   0.82 kB[22m
[2mdist/[22m[36massets/ini-BEwlwnbL.js                           [39m[1m[2m    1.53 kB[22m[1m[22m[2m Γöé gzip:   0.50 kB[22m
[2mdist/[22m[36massets/fortran-fixed-form-CkoXwp7k.js            [39m[1m[2m    1.67 kB[22m[1m[22m[2m Γöé gzip:   0.69 kB[22m
[2mdist/[22m[36massets/docker-BcOcwvcX.js                        [39m[1m[2m    1.74 kB[22m[1m[22m[2m Γöé gzip:   0.60 kB[22m
[2mdist/[22m[36massets/hxml-Bvhsp5Yf.js                          [39m[1m[2m    1.74 kB[22m[1m[22m[2m Γöé gzip:   0.88 kB[22m
[2mdist/[22m[36massets/desktop-BmXAJ9_W.js                       [39m[1m[2m    1.83 kB[22m[1m[22m[2m Γöé gzip:   0.76 kB[22m
[2mdist/[22m[36massets/chunk-ND2GUHAM-qspZsdOT.js                [39m[1m[2m    1.88 kB[22m[1m[22m[2m Γöé gzip:   0.83 kB[22m
[2mdist/[22m[36massets/wenyan-BV7otONQ.js                        [39m[1m[2m    2.16 kB[22m[1m[22m[2m Γöé gzip:   1.09 kB[22m
[2mdist/[22m[36massets/jssm-C2t-YnRu.js                          [39m[1m[2m    2.24 kB[22m[1m[22m[2m Γöé gzip:   0.62 kB[22m
[2mdist/[22m[36massets/reg-C-SQnVFl.js                           [39m[1m[2m    2.35 kB[22m[1m[22m[2m Γöé gzip:   0.70 kB[22m
[2mdist/[22m[36massets/edge-BkV0erSs.js                          [39m[1m[2m    2.36 kB[22m[1m[22m[2m Γöé gzip:   0.70 kB[22m
[2mdist/[22m[36massets/diff-D97Zzqfu.js                          [39m[1m[2m    2.57 kB[22m[1m[22m[2m Γöé gzip:   0.70 kB[22m
[2mdist/[22m[36massets/gleam-BspZqrRM.js                         [39m[1m[2m    2.58 kB[22m[1m[22m[2m Γöé gzip:   0.82 kB[22m
[2mdist/[22m[36massets/erb-B12qg9BL.js                           [39m[1m[2m    2.61 kB[22m[1m[22m[2m Γöé gzip:   0.84 kB[22m
[2mdist/[22m[36massets/hy-DFXneXwc.js                            [39m[1m[2m    2.65 kB[22m[1m[22m[2m Γöé gzip:   1.18 kB[22m
[2mdist/[22m[36massets/diagram-5GNKFQAL-BmHeveB9.js              [39m[1m[2m    2.72 kB[22m[1m[22m[2m Γöé gzip:   1.35 kB[22m
[2mdist/[22m[36massets/json-Cp-IABpG.js                          [39m[1m[2m    2.82 kB[22m[1m[22m[2m Γöé gzip:   0.78 kB[22m
[2mdist/[22m[36massets/openscad-C4EeE6gA.js                      [39m[1m[2m    2.82 kB[22m[1m[22m[2m Γöé gzip:   1.01 kB[22m
[2mdist/[22m[36massets/log-2UxHyX5q.js                           [39m[1m[2m    2.85 kB[22m[1m[22m[2m Γöé gzip:   0.90 kB[22m
[2mdist/[22m[36massets/cairo-KRGpt6FW.js                         [39m[1m[2m    2.94 kB[22m[1m[22m[2m Γöé gzip:   0.81 kB[22m
[2mdist/[22m[36massets/berry-uYugtg8r.js                         [39m[1m[2m    3.01 kB[22m[1m[22m[2m Γöé gzip:   0.81 kB[22m
[2mdist/[22m[36massets/jsonl-DcaNXYhu.js                         [39m[1m[2m    3.01 kB[22m[1m[22m[2m Γöé gzip:   0.79 kB[22m
[2mdist/[22m[36massets/jsonc-Des-eS-w.js                         [39m[1m[2m    3.11 kB[22m[1m[22m[2m Γöé gzip:   0.80 kB[22m
[2mdist/[22m[36massets/logo-BtOb2qkB.js                          [39m[1m[2m    3.13 kB[22m[1m[22m[2m Γöé gzip:   1.47 kB[22m
[2mdist/[22m[36massets/po-BTJTHyun.js                            [39m[1m[2m    3.24 kB[22m[1m[22m[2m Γöé gzip:   0.91 kB[22m
[2mdist/[22m[36massets/json5-C9tS-k6U.js                         [39m[1m[2m    3.25 kB[22m[1m[22m[2m Γöé gzip:   0.83 kB[22m
[2mdist/[22m[36massets/mipsasm-CKIfxQSi.js                       [39m[1m[2m    3.26 kB[22m[1m[22m[2m Γöé gzip:   1.18 kB[22m
[2mdist/[22m[36massets/tasl-QIJgUcNo.js                          [39m[1m[2m    3.29 kB[22m[1m[22m[2m Γöé gzip:   0.85 kB[22m
[2mdist/[22m[36massets/genie-D0YGMca9.js                         [39m[1m[2m    3.36 kB[22m[1m[22m[2m Γöé gzip:   1.21 kB[22m
[2mdist/[22m[36massets/rel-C3B-1QV4.js                           [39m[1m[2m    3.37 kB[22m[1m[22m[2m Γöé gzip:   1.11 kB[22m
[2mdist/[22m[36massets/vala-CsfeWuGM.js                          [39m[1m[2m    3.37 kB[22m[1m[22m[2m Γöé gzip:   1.19 kB[22m
[2mdist/[22m[36massets/arc-CHI37ve2.js                           [39m[1m[2m    3.43 kB[22m[1m[22m[2m Γöé gzip:   1.47 kB[22m
[2mdist/[22m[36massets/splunk-BtCnVYZw.js                        [39m[1m[2m    3.44 kB[22m[1m[22m[2m Γöé gzip:   1.52 kB[22m
[2mdist/[22m[36massets/fluent-C4IJs8-o.js                        [39m[1m[2m    3.61 kB[22m[1m[22m[2m Γöé gzip:   0.90 kB[22m
[2mdist/[22m[36massets/ssh-config-_ykCGR6B.js                    [39m[1m[2m    3.62 kB[22m[1m[22m[2m Γöé gzip:   1.60 kB[22m
[2mdist/[22m[36massets/jsonnet-DFQXde-d.js                       [39m[1m[2m    3.62 kB[22m[1m[22m[2m Γöé gzip:   1.05 kB[22m
[2mdist/[22m[36massets/kdl-DV7GczEv.js                           [39m[1m[2m    3.63 kB[22m[1m[22m[2m Γöé gzip:   1.04 kB[22m
[2mdist/[22m[36massets/glsl-DplSGwfg.js                          [39m[1m[2m    3.63 kB[22m[1m[22m[2m Γöé gzip:   1.41 kB[22m
[2mdist/[22m[36massets/hurl-irOxFIW8.js                          [39m[1m[2m    3.65 kB[22m[1m[22m[2m Γöé gzip:   1.16 kB[22m
[2mdist/[22m[36massets/narrat-DRg8JJMk.js                        [39m[1m[2m    3.67 kB[22m[1m[22m[2m Γöé gzip:   1.11 kB[22m
[2mdist/[22m[36massets/turtle-BsS91CYL.js                        [39m[1m[2m    3.70 kB[22m[1m[22m[2m Γöé gzip:   0.98 kB[22m
[2mdist/[22m[36massets/zenscript-DVFEvuxE.js                     [39m[1m[2m    3.91 kB[22m[1m[22m[2m Γöé gzip:   1.28 kB[22m
[2mdist/[22m[36massets/ron-D8l8udqQ.js                           [39m[1m[2m    3.91 kB[22m[1m[22m[2m Γöé gzip:   0.98 kB[22m
[2mdist/[22m[36massets/gn-n2N0HUVH.js                            [39m[1m[2m    4.00 kB[22m[1m[22m[2m Γöé gzip:   1.49 kB[22m
[2mdist/[22m[36massets/pascal-D93ZcfNL.js                        [39m[1m[2m    4.15 kB[22m[1m[22m[2m Γöé gzip:   1.67 kB[22m
[2mdist/[22m[36massets/diagram-LMA3HP47-B2MR1dlg.js              [39m[1m[2m    4.18 kB[22m[1m[22m[2m Γöé gzip:   1.82 kB[22m
[2mdist/[22m[36massets/tcl-dwOrl1Do.js                           [39m[1m[2m    4.43 kB[22m[1m[22m[2m Γöé gzip:   1.52 kB[22m
[2mdist/[22m[36massets/nextflow-Zz6hmt5N.js                      [39m[1m[2m    4.51 kB[22m[1m[22m[2m Γöé gzip:   1.17 kB[22m
[2mdist/[22m[36massets/rosmsg-BJDFO7_C.js                        [39m[1m[2m    4.52 kB[22m[1m[22m[2m Γöé gzip:   1.06 kB[22m
[2mdist/[22m[36massets/http-jrhK8wxY.js                          [39m[1m[2m    4.55 kB[22m[1m[22m[2m Γöé gzip:   1.12 kB[22m
[2mdist/[22m[36massets/polar-C0HS_06l.js                         [39m[1m[2m    4.67 kB[22m[1m[22m[2m Γöé gzip:   1.12 kB[22m
[2mdist/[22m[36massets/sdbl-DVxCFoDh.js                          [39m[1m[2m    4.70 kB[22m[1m[22m[2m Γöé gzip:   2.01 kB[22m
[2mdist/[22m[36massets/fennel-BYunw83y.js                        [39m[1m[2m    4.77 kB[22m[1m[22m[2m Γöé gzip:   1.53 kB[22m
[2mdist/[22m[36massets/bibtex-CHM0blh-.js                        [39m[1m[2m    4.80 kB[22m[1m[22m[2m Γöé gzip:   0.83 kB[22m
[2mdist/[22m[36massets/llvm-DjAJT7YJ.js                          [39m[1m[2m    5.05 kB[22m[1m[22m[2m Γöé gzip:   2.01 kB[22m
[2mdist/[22m[36massets/wgsl-Dx-B1_4e.js                          [39m[1m[2m    5.14 kB[22m[1m[22m[2m Γöé gzip:   1.39 kB[22m
[2mdist/[22m[36massets/pieDiagram-4H26LBE5-BUXLBQ_T.js           [39m[1m[2m    5.17 kB[22m[1m[22m[2m Γöé gzip:   2.29 kB[22m
[2mdist/[22m[36massets/gdresource-BOOCDP_w.js                    [39m[1m[2m    5.29 kB[22m[1m[22m[2m Γöé gzip:   1.34 kB[22m
[2mdist/[22m[36massets/qml-3beO22l8.js                           [39m[1m[2m    5.34 kB[22m[1m[22m[2m Γöé gzip:   1.38 kB[22m
[2mdist/[22m[36massets/zig-VOosw3JB.js                           [39m[1m[2m    5.34 kB[22m[1m[22m[2m Γöé gzip:   1.55 kB[22m
[2mdist/[22m[36massets/dax-CEL-wOlO.js                           [39m[1m[2m    5.37 kB[22m[1m[22m[2m Γöé gzip:   2.23 kB[22m
[2mdist/[22m[36massets/bicep-Bmn6On1c.js                         [39m[1m[2m    5.38 kB[22m[1m[22m[2m Γöé gzip:   1.15 kB[22m
[2mdist/[22m[36massets/xml-sdJ4AIDG.js                           [39m[1m[2m    5.38 kB[22m[1m[22m[2m Γöé gzip:   1.21 kB[22m
[2mdist/[22m[36massets/awk-DMzUqQB5.js                           [39m[1m[2m    5.46 kB[22m[1m[22m[2m Γöé gzip:   1.38 kB[22m
[2mdist/[22m[36massets/coq-DkFqJrB1.js                           [39m[1m[2m    5.53 kB[22m[1m[22m[2m Γöé gzip:   1.92 kB[22m
[2mdist/[22m[36massets/jinja-4LBKfQ-Z.js                         [39m[1m[2m    5.69 kB[22m[1m[22m[2m Γöé gzip:   1.40 kB[22m
[2mdist/[22m[36massets/lean-BZvkOJ9d.js                          [39m[1m[2m    5.78 kB[22m[1m[22m[2m Γöé gzip:   1.92 kB[22m
[2mdist/[22m[36massets/diagram-2AECGRRQ-BWDtd6s_.js              [39m[1m[2m    5.79 kB[22m[1m[22m[2m Γöé gzip:   2.44 kB[22m
[2mdist/[22m[36massets/moonbit-_H4v1dQx.js                       [39m[1m[2m    5.90 kB[22m[1m[22m[2m Γöé gzip:   1.68 kB[22m
[2mdist/[22m[36massets/powerquery-CEu0bR-o.js                    [39m[1m[2m    5.90 kB[22m[1m[22m[2m Γöé gzip:   1.52 kB[22m
[2mdist/[22m[36massets/shaderlab-Dg9Lc6iA.js                     [39m[1m[2m    5.92 kB[22m[1m[22m[2m Γöé gzip:   2.08 kB[22m
[2mdist/[22m[36massets/verilog-BQ8w6xss.js                       [39m[1m[2m    5.93 kB[22m[1m[22m[2m Γöé gzip:   1.89 kB[22m
[2mdist/[22m[36massets/cypher-COkxafJQ.js                        [39m[1m[2m    5.96 kB[22m[1m[22m[2m Γöé gzip:   1.73 kB[22m
[2mdist/[22m[36massets/vb-D17OF-Vu.js                            [39m[1m[2m    6.09 kB[22m[1m[22m[2m Γöé gzip:   2.34 kB[22m
[2mdist/[22m[36massets/red-bN70gL4F.js                           [39m[1m[2m    6.26 kB[22m[1m[22m[2m Γöé gzip:   1.60 kB[22m
[2mdist/[22m[36massets/min-dark-CafNBF8u.js                      [39m[1m[2m    6.29 kB[22m[1m[22m[2m Γöé gzip:   1.71 kB[22m
[2mdist/[22m[36massets/gdshader-DkwncUOv.js                      [39m[1m[2m    6.33 kB[22m[1m[22m[2m Γöé gzip:   1.73 kB[22m
[2mdist/[22m[36massets/prisma-Dd19v3D-.js                        [39m[1m[2m    6.33 kB[22m[1m[22m[2m Γöé gzip:   1.39 kB[22m
[2mdist/[22m[36massets/ara-BRHolxvo.js                           [39m[1m[2m    6.36 kB[22m[1m[22m[2m Γöé gzip:   1.81 kB[22m
[2mdist/[22m[36massets/clojure-P80f7IUj.js                       [39m[1m[2m    6.41 kB[22m[1m[22m[2m Γöé gzip:   1.42 kB[22m
[2mdist/[22m[36massets/postcss-CXtECtnM.js                       [39m[1m[2m    6.42 kB[22m[1m[22m[2m Γöé gzip:   1.91 kB[22m
[2mdist/[22m[36massets/toml-vGWfd6FD.js                          [39m[1m[2m    6.43 kB[22m[1m[22m[2m Γöé gzip:   1.28 kB[22m
[2mdist/[22m[36massets/solarized-light-L9t79GZl.js               [39m[1m[2m    6.48 kB[22m[1m[22m[2m Γöé gzip:   1.73 kB[22m
[2mdist/[22m[36massets/r-Dspwwk_N.js                             [39m[1m[2m    6.54 kB[22m[1m[22m[2m Γöé gzip:   1.78 kB[22m
[2mdist/[22m[36massets/proto-C7zT0LnQ.js                         [39m[1m[2m    6.55 kB[22m[1m[22m[2m Γöé gzip:   1.42 kB[22m
[2mdist/[22m[36massets/smalltalk-BERRCDM3.js                     [39m[1m[2m    6.59 kB[22m[1m[22m[2m Γöé gzip:   1.62 kB[22m
[2mdist/[22m[36massets/talonscript-CkByrt1z.js                   [39m[1m[2m    6.76 kB[22m[1m[22m[2m Γöé gzip:   1.49 kB[22m
[2mdist/[22m[36massets/solarized-dark-DXbdFlpD.js                [39m[1m[2m    6.85 kB[22m[1m[22m[2m Γöé gzip:   1.80 kB[22m
[2mdist/[22m[36massets/riscv-BM1_JUlF.js                         [39m[1m[2m    6.91 kB[22m[1m[22m[2m Γöé gzip:   1.98 kB[22m
[2mdist/[22m[36massets/min-light-CTRr51gU.js                     [39m[1m[2m    6.97 kB[22m[1m[22m[2m Γöé gzip:   1.89 kB[22m
[2mdist/[22m[36massets/soy-Brmx7dQM.js                           [39m[1m[2m    6.98 kB[22m[1m[22m[2m Γöé gzip:   1.66 kB[22m
[2mdist/[22m[36massets/scheme-C98Dy4si.js                        [39m[1m[2m    7.17 kB[22m[1m[22m[2m Γöé gzip:   2.05 kB[22m
[2mdist/[22m[36massets/hlsl-D3lLCCz7.js                          [39m[1m[2m    7.26 kB[22m[1m[22m[2m Γöé gzip:   2.19 kB[22m
[2mdist/[22m[36massets/qss-IeuSbFQv.js                           [39m[1m[2m    7.47 kB[22m[1m[22m[2m Γöé gzip:   2.58 kB[22m
[2mdist/[22m[36massets/dart-CF10PKvl.js                          [39m[1m[2m    7.81 kB[22m[1m[22m[2m Γöé gzip:   1.91 kB[22m
[2mdist/[22m[36massets/systemd-4A_iFExJ.js                       [39m[1m[2m    7.87 kB[22m[1m[22m[2m Γöé gzip:   2.55 kB[22m
[2mdist/[22m[36massets/monokai-D4h5O-jR.js                       [39m[1m[2m    7.88 kB[22m[1m[22m[2m Γöé gzip:   1.91 kB[22m
[2mdist/[22m[36massets/regexp-CDVJQ6XC.js                        [39m[1m[2m    7.99 kB[22m[1m[22m[2m Γöé gzip:   1.42 kB[22m
[2mdist/[22m[36massets/haml-B8DHNrY2.js                          [39m[1m[2m    8.26 kB[22m[1m[22m[2m Γöé gzip:   1.81 kB[22m
[2mdist/[22m[36massets/typst-DHCkPAjA.js                         [39m[1m[2m    8.39 kB[22m[1m[22m[2m Γöé gzip:   1.67 kB[22m
[2mdist/[22m[36massets/vue-html-AaS7Mt5G.js                      [39m[1m[2m    8.47 kB[22m[1m[22m[2m Γöé gzip:   1.68 kB[22m
[2mdist/[22m[36massets/plsql-ChMvpjG-.js                         [39m[1m[2m    8.51 kB[22m[1m[22m[2m Γöé gzip:   3.00 kB[22m
[2mdist/[22m[36massets/horizon-BUw7H-hv.js                       [39m[1m[2m    8.78 kB[22m[1m[22m[2m Γöé gzip:   1.96 kB[22m
[2mdist/[22m[36massets/kotlin-BdnUsdx6.js                        [39m[1m[2m    8.79 kB[22m[1m[22m[2m Γöé gzip:   2.13 kB[22m
[2mdist/[22m[36massets/horizon-bright-Cn-bp-IR.js                [39m[1m[2m    8.79 kB[22m[1m[22m[2m Γöé gzip:   1.97 kB[22m
[2mdist/[22m[36massets/ts-tags-zn1MmPIZ.js                       [39m[1m[2m    8.95 kB[22m[1m[22m[2m Γöé gzip:   1.22 kB[22m
[2mdist/[22m[36massets/make-CHLpvVh8.js                          [39m[1m[2m    8.96 kB[22m[1m[22m[2m Γöé gzip:   1.77 kB[22m
[2mdist/[22m[36massets/andromeeda-C4gqWexZ.js                    [39m[1m[2m    9.02 kB[22m[1m[22m[2m Γöé gzip:   2.36 kB[22m
[2mdist/[22m[36massets/sas-cz2c8ADy.js                           [39m[1m[2m    9.06 kB[22m[1m[22m[2m Γöé gzip:   3.81 kB[22m
[2mdist/[22m[36massets/dark-plus-C3mMm8J8.js                     [39m[1m[2m    9.10 kB[22m[1m[22m[2m Γöé gzip:   2.10 kB[22m
[2mdist/[22m[36massets/slack-dark-BthQWCQV.js                    [39m[1m[2m    9.12 kB[22m[1m[22m[2m Γöé gzip:   1.97 kB[22m
[2mdist/[22m[36massets/sass-Cj5Yp3dK.js                          [39m[1m[2m    9.29 kB[22m[1m[22m[2m Γöé gzip:   2.49 kB[22m
[2mdist/[22m[36massets/plastic-3e1v2bzS.js                       [39m[1m[2m    9.30 kB[22m[1m[22m[2m Γöé gzip:   1.98 kB[22m
[2mdist/[22m[36massets/slack-ochin-DqwNpetd.js                   [39m[1m[2m    9.43 kB[22m[1m[22m[2m Γöé gzip:   2.10 kB[22m
[2mdist/[22m[36massets/tex-idrVyKtj.js                           [39m[1m[2m    9.67 kB[22m[1m[22m[2m Γöé gzip:   3.06 kB[22m
[2mdist/[22m[36massets/jison-wvAkD_A8.js                         [39m[1m[2m    9.69 kB[22m[1m[22m[2m Γöé gzip:   1.85 kB[22m
[2mdist/[22m[36massets/cmake-D1j8_8rp.js                         [39m[1m[2m    9.86 kB[22m[1m[22m[2m Γöé gzip:   3.37 kB[22m
[2mdist/[22m[36massets/light-plus-B7mTdjB0.js                    [39m[1m[2m    9.94 kB[22m[1m[22m[2m Γöé gzip:   2.27 kB[22m
[2mdist/[22m[36massets/hcl-BWvSN4gD.js                           [39m[1m[2m   10.05 kB[22m[1m[22m[2m Γöé gzip:   1.93 kB[22m
[2mdist/[22m[36massets/stateDiagram-AJRCARHV-BzCbiIId.js         [39m[1m[2m   10.33 kB[22m[1m[22m[2m Γöé gzip:   3.60 kB[22m
[2mdist/[22m[36massets/pkl-u5AG7uiY.js                           [39m[1m[2m   10.37 kB[22m[1m[22m[2m Γöé gzip:   1.38 kB[22m
[2mdist/[22m[36massets/beancount-k_qm7-4y.js                     [39m[1m[2m   10.37 kB[22m[1m[22m[2m Γöé gzip:   1.44 kB[22m
[2mdist/[22m[36massets/nextflow-groovy-BeH2EWoN.js               [39m[1m[2m   10.41 kB[22m[1m[22m[2m Γöé gzip:   2.13 kB[22m
[2mdist/[22m[36massets/dream-maker-BtqSS_iP.js                   [39m[1m[2m   10.47 kB[22m[1m[22m[2m Γöé gzip:   2.25 kB[22m
[2mdist/[22m[36massets/raku-DXvB9xmW.js                          [39m[1m[2m   10.47 kB[22m[1m[22m[2m Γöé gzip:   2.94 kB[22m
[2mdist/[22m[36massets/yaml-Buea-lGh.js                          [39m[1m[2m   10.51 kB[22m[1m[22m[2m Γöé gzip:   2.27 kB[22m
[2mdist/[22m[36massets/rst-BrH8l1NY.js                           [39m[1m[2m   10.67 kB[22m[1m[22m[2m Γöé gzip:   2.42 kB[22m
[2mdist/[22m[36massets/diagram-KO2AKTUF-CJuIaWjo.js              [39m[1m[2m   10.68 kB[22m[1m[22m[2m Γöé gzip:   4.11 kB[22m
[2mdist/[22m[36massets/elm-DbKCFpqz.js                           [39m[1m[2m   10.97 kB[22m[1m[22m[2m Γöé gzip:   2.12 kB[22m
[2mdist/[22m[36massets/dagre-BM42HDAG-BLtrr9HS.js                [39m[1m[2m   11.10 kB[22m[1m[22m[2m Γöé gzip:   4.09 kB[22m
[2mdist/[22m[36massets/just-Cw27pwNe.js                          [39m[1m[2m   11.16 kB[22m[1m[22m[2m Γöé gzip:   2.78 kB[22m
[2mdist/[22m[36massets/github-light-DAi9KRSo.js                  [39m[1m[2m   11.18 kB[22m[1m[22m[2m Γöé gzip:   2.51 kB[22m
[2mdist/[22m[36massets/prolog-CbFg5uaA.js                        [39m[1m[2m   11.36 kB[22m[1m[22m[2m Γöé gzip:   3.83 kB[22m
[2mdist/[22m[36massets/terraform-BETggiCN.js                     [39m[1m[2m   11.39 kB[22m[1m[22m[2m Γöé gzip:   2.51 kB[22m
[2mdist/[22m[36massets/github-dark-DHJKELXO.js                   [39m[1m[2m   11.41 kB[22m[1m[22m[2m Γöé gzip:   2.55 kB[22m
[2mdist/[22m[36massets/puppet-BMWR74SV.js                        [39m[1m[2m   11.44 kB[22m[1m[22m[2m Γöé gzip:   2.11 kB[22m
[2mdist/[22m[36massets/laserwave-DUszq2jm.js                     [39m[1m[2m   11.50 kB[22m[1m[22m[2m Γöé gzip:   2.58 kB[22m
[2mdist/[22m[36massets/gherkin-DyxjwDmM.js                       [39m[1m[2m   11.95 kB[22m[1m[22m[2m Γöé gzip:   5.05 kB[22m
[2mdist/[22m[36massets/wasm-MzD3tlZU.js                          [39m[1m[2m   12.01 kB[22m[1m[22m[2m Γöé gzip:   2.19 kB[22m
[2mdist/[22m[36massets/hjson-D5-asLiD.js                         [39m[1m[2m   12.05 kB[22m[1m[22m[2m Γöé gzip:   1.64 kB[22m
[2mdist/[22m[36massets/handlebars-BL8al0AC.js                    [39m[1m[2m   12.15 kB[22m[1m[22m[2m Γöé gzip:   2.38 kB[22m
[2mdist/[22m[36massets/apache-Pmp26Uib.js                        [39m[1m[2m   12.46 kB[22m[1m[22m[2m Γöé gzip:   3.72 kB[22m
[2mdist/[22m[36massets/vesper-DU1UobuO.js                        [39m[1m[2m   12.69 kB[22m[1m[22m[2m Γöé gzip:   1.97 kB[22m
[2mdist/[22m[36massets/bat-BkioyH1T.js                           [39m[1m[2m   12.89 kB[22m[1m[22m[2m Γöé gzip:   3.22 kB[22m
[2mdist/[22m[36massets/fish-BvzEVeQv.js                          [39m[1m[2m   13.04 kB[22m[1m[22m[2m Γöé gzip:   1.74 kB[22m
[2mdist/[22m[36massets/v-BcVCzyr7.js                             [39m[1m[2m   13.21 kB[22m[1m[22m[2m Γöé gzip:   2.74 kB[22m
[2mdist/[22m[36massets/vitesse-light-CVO1_9PV.js                 [39m[1m[2m   13.62 kB[22m[1m[22m[2m Γöé gzip:   3.04 kB[22m
[2mdist/[22m[36massets/aurora-x-D-2ljcwZ.js                      [39m[1m[2m   13.66 kB[22m[1m[22m[2m Γöé gzip:   2.28 kB[22m
[2mdist/[22m[36massets/vitesse-black-Bkuqu6BP.js                 [39m[1m[2m   13.68 kB[22m[1m[22m[2m Γöé gzip:   3.06 kB[22m
[2mdist/[22m[36massets/vitesse-dark-D0r3Knsf.js                  [39m[1m[2m   13.76 kB[22m[1m[22m[2m Γöé gzip:   3.06 kB[22m
[2mdist/[22m[36massets/pug-CGlum2m_.js                           [39m[1m[2m   13.84 kB[22m[1m[22m[2m Γöé gzip:   2.58 kB[22m
[2mdist/[22m[36massets/luau-C-HG3fhB.js                          [39m[1m[2m   13.96 kB[22m[1m[22m[2m Γöé gzip:   3.18 kB[22m
[2mdist/[22m[36massets/synthwave-84-CbfX1IO0.js                  [39m[1m[2m   14.04 kB[22m[1m[22m[2m Γöé gzip:   2.87 kB[22m
[2mdist/[22m[36massets/github-light-default-D7oLnXFd.js          [39m[1m[2m   14.16 kB[22m[1m[22m[2m Γöé gzip:   3.04 kB[22m
[2mdist/[22m[36massets/clarity-D53aC0YG.js                       [39m[1m[2m   14.28 kB[22m[1m[22m[2m Γöé gzip:   2.46 kB[22m
[2mdist/[22m[36massets/github-light-high-contrast-BfjtVDDH.js    [39m[1m[2m   14.28 kB[22m[1m[22m[2m Γöé gzip:   3.02 kB[22m
[2mdist/[22m[36massets/github-dark-dimmed-DH5Ifo-i.js            [39m[1m[2m   14.43 kB[22m[1m[22m[2m Γöé gzip:   3.13 kB[22m
[2mdist/[22m[36massets/github-dark-default-Cuk6v7N8.js           [39m[1m[2m   14.44 kB[22m[1m[22m[2m Γöé gzip:   3.13 kB[22m
[2mdist/[22m[36massets/github-dark-high-contrast-E3gJ1_iC.js     [39m[1m[2m   14.60 kB[22m[1m[22m[2m Γöé gzip:   3.09 kB[22m
[2mdist/[22m[36massets/gnuplot-DdkO51Og.js                       [39m[1m[2m   14.78 kB[22m[1m[22m[2m Γöé gzip:   3.27 kB[22m
[2mdist/[22m[36massets/rust-B1yitclQ.js                          [39m[1m[2m   15.07 kB[22m[1m[22m[2m Γöé gzip:   2.72 kB[22m
[2mdist/[22m[36massets/kusto-DZf3V79B.js                         [39m[1m[2m   15.17 kB[22m[1m[22m[2m Γöé gzip:   3.92 kB[22m
[2mdist/[22m[36massets/actionscript-3-CoDkCxhg.js                [39m[1m[2m   15.21 kB[22m[1m[22m[2m Γöé gzip:   2.66 kB[22m
[2mdist/[22m[36massets/nix-CwoSXNpI.js                           [39m[1m[2m   15.51 kB[22m[1m[22m[2m Γöé gzip:   2.48 kB[22m
[2mdist/[22m[36massets/lua-BaeVxFsk.js                           [39m[1m[2m   15.54 kB[22m[1m[22m[2m Γöé gzip:   3.16 kB[22m
[2mdist/[22m[36massets/diagram-OG6HWLK6-C5_schxL.js              [39m[1m[2m   15.67 kB[22m[1m[22m[2m Γöé gzip:   5.59 kB[22m
[2mdist/[22m[36massets/abap-BdImnpbu.js                          [39m[1m[2m   15.85 kB[22m[1m[22m[2m Γöé gzip:   5.91 kB[22m
[2mdist/[22m[36massets/solidity-rGO070M0.js                      [39m[1m[2m   16.07 kB[22m[1m[22m[2m Γöé gzip:   3.11 kB[22m
[2mdist/[22m[36massets/matlab-D7o27uSR.js                        [39m[1m[2m   16.09 kB[22m[1m[22m[2m Γöé gzip:   3.06 kB[22m
[2mdist/[22m[36massets/cue-D82EKSYY.js                           [39m[1m[2m   16.20 kB[22m[1m[22m[2m Γöé gzip:   2.06 kB[22m
[2mdist/[22m[36massets/elixir-CDX3lj18.js                        [39m[1m[2m   16.32 kB[22m[1m[22m[2m Γöé gzip:   2.80 kB[22m
[2mdist/[22m[36massets/odin-BBf5iR-q.js                          [39m[1m[2m   16.51 kB[22m[1m[22m[2m Γöé gzip:   2.94 kB[22m
[2mdist/[22m[36massets/bird2-DPOp833l.js                         [39m[1m[2m   16.97 kB[22m[1m[22m[2m Γöé gzip:   3.85 kB[22m
[2mdist/[22m[36massets/kanagawa-wave-DWedfzmr.js                 [39m[1m[2m   17.12 kB[22m[1m[22m[2m Γöé gzip:   2.93 kB[22m
[2mdist/[22m[36massets/kanagawa-lotus-CfQXZHmo.js                [39m[1m[2m   17.13 kB[22m[1m[22m[2m Γöé gzip:   2.93 kB[22m
[2mdist/[22m[36massets/kanagawa-dragon-CkXjmgJE.js               [39m[1m[2m   17.13 kB[22m[1m[22m[2m Γöé gzip:   2.95 kB[22m
[2mdist/[22m[36massets/ishikawaDiagram-YF4QCWOH-Hriexg7b.js      [39m[1m[2m   17.44 kB[22m[1m[22m[2m Γöé gzip:   6.62 kB[22m
[2mdist/[22m[36massets/move-IF9eRakj.js                          [39m[1m[2m   17.51 kB[22m[1m[22m[2m Γöé gzip:   3.07 kB[22m
[2mdist/[22m[36massets/graphql-ChdNCCLP.js                       [39m[1m[2m   18.00 kB[22m[1m[22m[2m Γöé gzip:   2.52 kB[22m
[2mdist/[22m[36massets/liquid-DYVedYrR.js                        [39m[1m[2m   18.09 kB[22m[1m[22m[2m Γöé gzip:   3.16 kB[22m
[2mdist/[22m[36massets/svelte-C_ipcX3V.js                        [39m[1m[2m   18.24 kB[22m[1m[22m[2m Γöé gzip:   3.14 kB[22m
[2mdist/[22m[36massets/material-theme-D5KoaKCx.js                [39m[1m[2m   18.62 kB[22m[1m[22m[2m Γöé gzip:   3.11 kB[22m
[2mdist/[22m[36massets/material-theme-darker-BfHTSMKl.js         [39m[1m[2m   18.63 kB[22m[1m[22m[2m Γöé gzip:   3.11 kB[22m
[2mdist/[22m[36massets/material-theme-ocean-CyktbL80.js          [39m[1m[2m   18.63 kB[22m[1m[22m[2m Γöé gzip:   3.14 kB[22m
[2mdist/[22m[36massets/material-theme-lighter-B0m2ddpp.js        [39m[1m[2m   18.63 kB[22m[1m[22m[2m Γöé gzip:   3.11 kB[22m
[2mdist/[22m[36massets/material-theme-palenight-Csfq5Kiy.js      [39m[1m[2m   18.64 kB[22m[1m[22m[2m Γöé gzip:   3.13 kB[22m
[2mdist/[22m[36massets/gdscript-C5YyOfLZ.js                      [39m[1m[2m   18.99 kB[22m[1m[22m[2m Γöé gzip:   3.75 kB[22m
[2mdist/[22m[36massets/groovy-gcz8RCvz.js                        [39m[1m[2m   19.18 kB[22m[1m[22m[2m Γöé gzip:   3.60 kB[22m
[2mdist/[22m[36massets/mdc-BMNejdWA.js                           [39m[1m[2m   19.63 kB[22m[1m[22m[2m Γöé gzip:   6.66 kB[22m
[2mdist/[22m[36massets/glimmer-js-Rg0-pVw9.js                    [39m[1m[2m   20.07 kB[22m[1m[22m[2m Γöé gzip:   2.95 kB[22m
[2mdist/[22m[36massets/glimmer-ts-U6CK756n.js                    [39m[1m[2m   20.07 kB[22m[1m[22m[2m Γöé gzip:   2.94 kB[22m
[2mdist/[22m[36massets/ayu-dark-DYE7WIF3.js                      [39m[1m[2m   20.08 kB[22m[1m[22m[2m Γöé gzip:   3.94 kB[22m
[2mdist/[22m[36massets/ayu-mirage-32ctXXKs.js                    [39m[1m[2m   20.09 kB[22m[1m[22m[2m Γöé gzip:   3.94 kB[22m
[2mdist/[22m[36massets/powershell-Dpen1YoG.js                    [39m[1m[2m   20.15 kB[22m[1m[22m[2m Γöé gzip:   4.07 kB[22m
[2mdist/[22m[36massets/ayu-light-BA47KaF1.js                     [39m[1m[2m   20.15 kB[22m[1m[22m[2m Γöé gzip:   3.93 kB[22m
[2mdist/[22m[36massets/kanban-definition-UN3LZRKU-BkTR5i3O.js    [39m[1m[2m   20.26 kB[22m[1m[22m[2m Γöé gzip:   7.18 kB[22m
[2mdist/[22m[36massets/viml-CJc9bBzg.js                          [39m[1m[2m   20.37 kB[22m[1m[22m[2m Γöé gzip:   6.73 kB[22m
[2mdist/[22m[36massets/nushell-Cz2AlsmD.js                       [39m[1m[2m   20.41 kB[22m[1m[22m[2m Γöé gzip:   5.22 kB[22m
[2mdist/[22m[36massets/snazzy-light-Bw305WKR.js                  [39m[1m[2m   20.77 kB[22m[1m[22m[2m Γöé gzip:   3.83 kB[22m
[2mdist/[22m[36massets/dracula-BzJJZx-M.js                       [39m[1m[2m   21.07 kB[22m[1m[22m[2m Γöé gzip:   4.00 kB[22m
[2mdist/[22m[36massets/dracula-soft-BXkSAIEj.js                  [39m[1m[2m   21.08 kB[22m[1m[22m[2m Γöé gzip:   4.04 kB[22m
[2mdist/[22m[36massets/twig-DNn4PbVi.js                          [39m[1m[2m   21.36 kB[22m[1m[22m[2m Γöé gzip:   3.87 kB[22m
[2mdist/[22m[36massets/wit-5i3qLPDT.js                           [39m[1m[2m   21.47 kB[22m[1m[22m[2m Γöé gzip:   2.89 kB[22m
[2mdist/[22m[36massets/rose-pine-qdsjHGoJ.js                     [39m[1m[2m   21.74 kB[22m[1m[22m[2m Γöé gzip:   3.87 kB[22m
[2mdist/[22m[36massets/rose-pine-moon-D4_iv3hh.js                [39m[1m[2m   21.75 kB[22m[1m[22m[2m Γöé gzip:   3.89 kB[22m
[2mdist/[22m[36massets/rose-pine-dawn-DHQR4-dF.js                [39m[1m[2m   21.75 kB[22m[1m[22m[2m Γöé gzip:   3.89 kB[22m
[2mdist/[22m[36massets/nim-CVrawwO9.js                           [39m[1m[2m   22.46 kB[22m[1m[22m[2m Γöé gzip:   3.16 kB[22m
[2mdist/[22m[36massets/common-lisp-Cg-RD9OK.js                   [39m[1m[2m   22.58 kB[22m[1m[22m[2m Γöé gzip:   6.06 kB[22m
[2mdist/[22m[36massets/surrealql-Bq5Q-fJD.js                     [39m[1m[2m   22.58 kB[22m[1m[22m[2m Γöé gzip:   4.32 kB[22m
[2mdist/[22m[36massets/gruvbox-dark-hard-CFHQjOhq.js             [39m[1m[2m   22.63 kB[22m[1m[22m[2m Γöé gzip:   4.18 kB[22m
[2mdist/[22m[36massets/gruvbox-dark-soft-CVdnzihN.js             [39m[1m[2m   22.63 kB[22m[1m[22m[2m Γöé gzip:   4.17 kB[22m
[2mdist/[22m[36massets/gruvbox-light-hard-CH1njM8p.js            [39m[1m[2m   22.64 kB[22m[1m[22m[2m Γöé gzip:   4.18 kB[22m
[2mdist/[22m[36massets/gruvbox-light-soft-hJgmCMqR.js            [39m[1m[2m   22.64 kB[22m[1m[22m[2m Γöé gzip:   4.18 kB[22m
[2mdist/[22m[36massets/gruvbox-dark-medium-GsRaNv29.js           [39m[1m[2m   22.64 kB[22m[1m[22m[2m Γöé gzip:   4.18 kB[22m
[2mdist/[22m[36massets/gruvbox-light-medium-DRw_LuNl.js          [39m[1m[2m   22.64 kB[22m[1m[22m[2m Γöé gzip:   4.18 kB[22m
[2mdist/[22m[36massets/sankeyDiagram-5OEKKPKP-DYvZfx-5.js        [39m[1m[2m   23.10 kB[22m[1m[22m[2m Γöé gzip:   8.51 kB[22m
[2mdist/[22m[36massets/mindmap-definition-RKZ34NQL-D1WeHbIb.js   [39m[1m[2m   23.14 kB[22m[1m[22m[2m Γöé gzip:   7.80 kB[22m
[2mdist/[22m[36massets/sql-BLtJtn59.js                           [39m[1m[2m   23.41 kB[22m[1m[22m[2m Γöé gzip:   7.40 kB[22m
[2mdist/[22m[36massets/journeyDiagram-JHISSGLW-Bo592XAd.js       [39m[1m[2m   23.54 kB[22m[1m[22m[2m Γöé gzip:   8.33 kB[22m
[2mdist/[22m[36massets/cadence-Bv_4Rxtq.js                       [39m[1m[2m   23.67 kB[22m[1m[22m[2m Γöé gzip:   3.67 kB[22m
[2mdist/[22m[36massets/graph--OzhPTMs.js                         [39m[1m[2m   23.92 kB[22m[1m[22m[2m Γöé gzip:   8.32 kB[22m
[2mdist/[22m[36massets/astro-CbQHKStN.js                         [39m[1m[2m   24.01 kB[22m[1m[22m[2m Γöé gzip:   7.54 kB[22m
[2mdist/[22m[36massets/typespec-BGHnOYBU.js                      [39m[1m[2m   24.02 kB[22m[1m[22m[2m Γöé gzip:   2.59 kB[22m
[2mdist/[22m[36massets/apl-dKokRX4l.js                           [39m[1m[2m   24.04 kB[22m[1m[22m[2m Γöé gzip:   4.20 kB[22m
[2mdist/[22m[36massets/templ-P3uqSqPl.js                         [39m[1m[2m   24.06 kB[22m[1m[22m[2m Γöé gzip:   5.40 kB[22m
[2mdist/[22m[36massets/vhdl-CeAyd5Ju.js                          [39m[1m[2m   24.26 kB[22m[1m[22m[2m Γöé gzip:   3.87 kB[22m
[2mdist/[22m[36massets/angular-html-CU67Zn6k.js                  [39m[1m[2m   24.29 kB[22m[1m[22m[2m Γöé gzip:   4.01 kB[22m
[2mdist/[22m[36massets/vue-DN_0RTcg.js                           [39m[1m[2m   24.48 kB[22m[1m[22m[2m Γöé gzip:   2.97 kB[22m
[2mdist/[22m[36massets/purescript-CklMAg4u.js                    [39m[1m[2m   24.69 kB[22m[1m[22m[2m Γöé gzip:   3.25 kB[22m
[2mdist/[22m[36massets/one-light-C3Wv6jpd.js                     [39m[1m[2m   25.30 kB[22m[1m[22m[2m Γöé gzip:   3.67 kB[22m
[2mdist/[22m[36massets/fsharp-CXgrBDvD.js                        [39m[1m[2m   25.31 kB[22m[1m[22m[2m Γöé gzip:   4.13 kB[22m
[2mdist/[22m[36massets/wardleyDiagram-YWT4CUSO-Cowyfw_J.js       [39m[1m[2m   25.47 kB[22m[1m[22m[2m Γöé gzip:   6.77 kB[22m
[2mdist/[22m[36massets/marko-CnJfTvn9.js                         [39m[1m[2m   25.48 kB[22m[1m[22m[2m Γöé gzip:   3.59 kB[22m
[2mdist/[22m[36massets/c3-eo99z4R2.js                            [39m[1m[2m   25.63 kB[22m[1m[22m[2m Γöé gzip:   3.87 kB[22m
[2mdist/[22m[36massets/night-owl-light-CMTm3GFP.js               [39m[1m[2m   25.90 kB[22m[1m[22m[2m Γöé gzip:   4.26 kB[22m
[2mdist/[22m[36massets/system-verilog-CnnmHF94.js                [39m[1m[2m   26.20 kB[22m[1m[22m[2m Γöé gzip:   4.85 kB[22m
[2mdist/[22m[36massets/nord-Ddv68eIx.js                          [39m[1m[2m   26.72 kB[22m[1m[22m[2m Γöé gzip:   4.40 kB[22m
[2mdist/[22m[36massets/erDiagram-TEJ5UH35-RVUu7o-k.js            [39m[1m[2m   26.82 kB[22m[1m[22m[2m Γöé gzip:   9.32 kB[22m
[2mdist/[22m[36massets/codeql-DsOJ9woJ.js                        [39m[1m[2m   26.88 kB[22m[1m[22m[2m Γöé gzip:   3.79 kB[22m
[2mdist/[22m[36massets/scss-OYdSNvt2.js                          [39m[1m[2m   27.20 kB[22m[1m[22m[2m Γöé gzip:   4.20 kB[22m
[2mdist/[22m[36massets/java-CylS5w8V.js                          [39m[1m[2m   27.22 kB[22m[1m[22m[2m Γöé gzip:   4.26 kB[22m
[2mdist/[22m[36massets/coffee-Ch7k5sss.js                        [39m[1m[2m   27.42 kB[22m[1m[22m[2m Γöé gzip:   6.35 kB[22m
[2mdist/[22m[36massets/razor-Uh8Bk_45.js                         [39m[1m[2m   27.51 kB[22m[1m[22m[2m Γöé gzip:   3.57 kB[22m
[2mdist/[22m[36massets/scala-C151Ov-r.js                         [39m[1m[2m   28.88 kB[22m[1m[22m[2m Γöé gzip:   3.94 kB[22m
[2mdist/[22m[36massets/night-owl-C39BiMTA.js                     [39m[1m[2m   28.91 kB[22m[1m[22m[2m Γöé gzip:   5.16 kB[22m
[2mdist/[22m[36massets/gitGraphDiagram-PVQCEYII-BDpBiy6Q.js      [39m[1m[2m   29.38 kB[22m[1m[22m[2m Γöé gzip:   8.68 kB[22m
[2mdist/[22m[36massets/crystal-tKQVLTB8.js                       [39m[1m[2m   29.39 kB[22m[1m[22m[2m Γöé gzip:   4.44 kB[22m
[2mdist/[22m[36massets/mermaid-mWjccvbQ.js                       [39m[1m[2m   29.51 kB[22m[1m[22m[2m Γöé gzip:   3.66 kB[22m
[2mdist/[22m[36massets/applescript-Co6uUVPk.js                   [39m[1m[2m   29.57 kB[22m[1m[22m[2m Γöé gzip:   5.93 kB[22m
[2mdist/[22m[36massets/timeline-definition-PNZ67QCA-DHmDHvtr.js  [39m[1m[2m   30.80 kB[22m[1m[22m[2m Γöé gzip:  10.13 kB[22m
[2mdist/[22m[36massets/requirementDiagram-4Y6WPE33-BTxMwbOb.js   [39m[1m[2m   30.97 kB[22m[1m[22m[2m Γöé gzip:   9.72 kB[22m
[2mdist/[22m[36massets/julia-CxzCAyBv.js                         [39m[1m[2m   31.07 kB[22m[1m[22m[2m Γöé gzip:   4.33 kB[22m
[2mdist/[22m[36massets/stylus-BEDo0Tqx.js                        [39m[1m[2m   31.07 kB[22m[1m[22m[2m Γöé gzip:   7.99 kB[22m
[2mdist/[22m[36massets/poimandres-CS3Unz2-.js                    [39m[1m[2m   33.49 kB[22m[1m[22m[2m Γöé gzip:   5.50 kB[22m
[2mdist/[22m[36massets/one-dark-pro-DVMEJ2y_.js                  [39m[1m[2m   33.79 kB[22m[1m[22m[2m Γöé gzip:   5.52 kB[22m
[2mdist/[22m[36massets/bsl-BO_Y6i37.js                           [39m[1m[2m   33.87 kB[22m[1m[22m[2m Γöé gzip:   8.35 kB[22m
[2mdist/[22m[36massets/quadrantDiagram-W4KKPZXB-D6GuRsyB.js      [39m[1m[2m   33.89 kB[22m[1m[22m[2m Γöé gzip:   9.91 kB[22m
[2mdist/[22m[36massets/haxe-CzTSHFRz.js                          [39m[1m[2m   35.16 kB[22m[1m[22m[2m Γöé gzip:   5.91 kB[22m
[2mdist/[22m[36massets/nginx-BpAMiNFr.js                         [39m[1m[2m   35.37 kB[22m[1m[22m[2m Γöé gzip:   4.43 kB[22m
[2mdist/[22m[36massets/houston-DnULxvSX.js                       [39m[1m[2m   35.42 kB[22m[1m[22m[2m Γöé gzip:   5.78 kB[22m
[2mdist/[22m[36massets/tokyo-night-hegEt444.js                   [39m[1m[2m   35.67 kB[22m[1m[22m[2m Γöé gzip:   6.24 kB[22m
[2mdist/[22m[36massets/layout-SsrduOYp.js                        [39m[1m[2m   35.84 kB[22m[1m[22m[2m Γöé gzip:  12.87 kB[22m
[2mdist/[22m[36massets/chunk-AQP2D5EJ-lMehkZ0T.js                [39m[1m[2m   37.10 kB[22m[1m[22m[2m Γöé gzip:  12.10 kB[22m
[2mdist/[22m[36massets/erlang-DsQrWhSR.js                        [39m[1m[2m   37.48 kB[22m[1m[22m[2m Γöé gzip:   4.40 kB[22m
[2mdist/[22m[36massets/xychartDiagram-2RQKCTM6-BsbijsZ2.js       [39m[1m[2m   38.98 kB[22m[1m[22m[2m Γöé gzip:  10.99 kB[22m
[2mdist/[22m[36massets/cobol-nwyudZeR.js                         [39m[1m[2m   39.15 kB[22m[1m[22m[2m Γöé gzip:  10.87 kB[22m
[2mdist/[22m[36massets/asm-D_Q5rh1f.js                           [39m[1m[2m   40.72 kB[22m[1m[22m[2m Γöé gzip:   8.21 kB[22m
[2mdist/[22m[36massets/vennDiagram-CIIHVFJN-BW8PSbdN.js          [39m[1m[2m   41.39 kB[22m[1m[22m[2m Γöé gzip:  15.45 kB[22m
[2mdist/[22m[36massets/shellscript-Yzrsuije.js                   [39m[1m[2m   41.48 kB[22m[1m[22m[2m Γöé gzip:   6.09 kB[22m
[2mdist/[22m[36massets/haskell-Df6bDoY_.js                       [39m[1m[2m   41.49 kB[22m[1m[22m[2m Γöé gzip:   6.44 kB[22m
[2mdist/[22m[36massets/perl-C0TMdlhV.js                          [39m[1m[2m   43.16 kB[22m[1m[22m[2m Γöé gzip:   4.67 kB[22m
[2mdist/[22m[36massets/d-85-TOEBH.js                             [39m[1m[2m   43.80 kB[22m[1m[22m[2m Γöé gzip:   8.47 kB[22m
[2mdist/[22m[36massets/ruby-Dw2BHqvy.js                          [39m[1m[2m   45.95 kB[22m[1m[22m[2m Γöé gzip:   5.68 kB[22m
[2mdist/[22m[36massets/go-CxLEBnE3.js                            [39m[1m[2m   46.81 kB[22m[1m[22m[2m Γöé gzip:   5.18 kB[22m
[2mdist/[22m[36massets/apex-D8_7TLub.js                          [39m[1m[2m   46.99 kB[22m[1m[22m[2m Γöé gzip:   6.77 kB[22m
[2mdist/[22m[36massets/catppuccin-mocha-D87Tk5Gz.js              [39m[1m[2m   47.26 kB[22m[1m[22m[2m Γöé gzip:   8.00 kB[22m
[2mdist/[22m[36massets/catppuccin-latte-C9dUb6Cb.js              [39m[1m[2m   47.26 kB[22m[1m[22m[2m Γöé gzip:   8.00 kB[22m
[2mdist/[22m[36massets/catppuccin-frappe-DFWUc33u.js             [39m[1m[2m   47.26 kB[22m[1m[22m[2m Γöé gzip:   8.02 kB[22m
[2mdist/[22m[36massets/catppuccin-macchiato-DQyhUUbL.js          [39m[1m[2m   47.26 kB[22m[1m[22m[2m Γöé gzip:   8.01 kB[22m
[2mdist/[22m[36massets/ada-bCR0ucgS.js                           [39m[1m[2m   48.08 kB[22m[1m[22m[2m Γöé gzip:   6.03 kB[22m
[2mdist/[22m[36massets/chunk-727SXJPM-Dk_Iye9r.js                [39m[1m[2m   48.93 kB[22m[1m[22m[2m Γöé gzip:  15.70 kB[22m
[2mdist/[22m[36massets/css-DPfMkruS.js                           [39m[1m[2m   49.02 kB[22m[1m[22m[2m Γöé gzip:  11.85 kB[22m
[2mdist/[22m[36massets/imba-DGztddWO.js                          [39m[1m[2m   49.93 kB[22m[1m[22m[2m Γöé gzip:   9.46 kB[22m
[2mdist/[22m[36massets/everforest-dark-BgDCqdQA.js               [39m[1m[2m   53.75 kB[22m[1m[22m[2m Γöé gzip:   8.42 kB[22m
[2mdist/[22m[36massets/everforest-light-C8M2exoo.js              [39m[1m[2m   53.75 kB[22m[1m[22m[2m Γöé gzip:   8.42 kB[22m
[2mdist/[22m[36massets/ganttDiagram-6RSMTGT7-CxIFgTX1.js         [39m[1m[2m   54.55 kB[22m[1m[22m[2m Γöé gzip:  18.90 kB[22m
[2mdist/[22m[36massets/wikitext-BhOHFoWU.js                      [39m[1m[2m   55.89 kB[22m[1m[22m[2m Γöé gzip:   4.76 kB[22m
[2mdist/[22m[36massets/stata-BH5u7GGu.js                         [39m[1m[2m   56.99 kB[22m[1m[22m[2m Γöé gzip:  12.36 kB[22m
[2mdist/[22m[36massets/html-GMplVEZG.js                          [39m[1m[2m   57.25 kB[22m[1m[22m[2m Γöé gzip:  11.69 kB[22m
[2mdist/[22m[36massets/ballerina-BFfxhgS-.js                     [39m[1m[2m   58.69 kB[22m[1m[22m[2m Γöé gzip:   8.15 kB[22m
[2mdist/[22m[36massets/markdown-Cvjx9yec.js                      [39m[1m[2m   59.34 kB[22m[1m[22m[2m Γöé gzip:   5.64 kB[22m
[2mdist/[22m[36massets/flowDiagram-I6XJVG4X-CvRbcH6q.js          [39m[1m[2m   60.46 kB[22m[1m[22m[2m Γöé gzip:  19.35 kB[22m
[2mdist/[22m[36massets/ocaml-C0hk2d4L.js                         [39m[1m[2m   62.45 kB[22m[1m[22m[2m Γöé gzip:   5.02 kB[22m
[2mdist/[22m[36massets/mojo-rZm6bMo-.js                          [39m[1m[2m   69.80 kB[22m[1m[22m[2m Γöé gzip:   9.27 kB[22m
[2mdist/[22m[36massets/c4Diagram-AAUBKEIU-EcVbjEfe.js            [39m[1m[2m   69.91 kB[22m[1m[22m[2m Γöé gzip:  19.61 kB[22m
[2mdist/[22m[36massets/python-B6aJPvgy.js                        [39m[1m[2m   69.95 kB[22m[1m[22m[2m Γöé gzip:   9.13 kB[22m
[2mdist/[22m[36massets/c-BIGW1oBm.js                             [39m[1m[2m   72.11 kB[22m[1m[22m[2m Γöé gzip:  10.51 kB[22m
[2mdist/[22m[36massets/latex-CWtU0Tv5.js                         [39m[1m[2m   72.64 kB[22m[1m[22m[2m Γöé gzip:   6.72 kB[22m
[2mdist/[22m[36massets/blockDiagram-GPEHLZMM-ROAA0zea.js         [39m[1m[2m   73.68 kB[22m[1m[22m[2m Γöé gzip:  21.24 kB[22m
[2mdist/[22m[36massets/vyper-CDx5xZoG.js                         [39m[1m[2m   74.65 kB[22m[1m[22m[2m Γöé gzip:  10.74 kB[22m
[2mdist/[22m[36massets/hack-CaT9iCJl.js                          [39m[1m[2m   80.24 kB[22m[1m[22m[2m Γöé gzip:  26.21 kB[22m
[2mdist/[22m[36massets/cose-bilkent-S5V4N54A-p7vftY7m.js         [39m[1m[2m   81.66 kB[22m[1m[22m[2m Γöé gzip:  22.45 kB[22m
[2mdist/[22m[36massets/swift-D82vCrfD.js                         [39m[1m[2m   86.69 kB[22m[1m[22m[2m Γöé gzip:  14.73 kB[22m
[2mdist/[22m[36massets/fortran-free-form-BxgE0vQu.js             [39m[1m[2m   88.97 kB[22m[1m[22m[2m Γöé gzip:  11.27 kB[22m
[2mdist/[22m[36massets/csharp-COcwbKMJ.js                        [39m[1m[2m   89.69 kB[22m[1m[22m[2m Γöé gzip:  10.69 kB[22m
[2mdist/[22m[36massets/racket-BqYA7rlc.js                        [39m[1m[2m   92.39 kB[22m[1m[22m[2m Γöé gzip:  15.02 kB[22m
[2mdist/[22m[36massets/less-B1dDrJ26.js                          [39m[1m[2m   97.63 kB[22m[1m[22m[2m Γöé gzip:  14.70 kB[22m
[2mdist/[22m[36massets/blade-D4QpJJKB.js                         [39m[1m[2m  104.98 kB[22m[1m[22m[2m Γöé gzip:  28.20 kB[22m
[2mdist/[22m[36massets/objective-c-DXmwc3jG.js                   [39m[1m[2m  105.41 kB[22m[1m[22m[2m Γöé gzip:  23.33 kB[22m
[2mdist/[22m[36massets/php-Dhbhpdrm.js                           [39m[1m[2m  111.06 kB[22m[1m[22m[2m Γöé gzip:  28.52 kB[22m
[2mdist/[22m[36massets/sequenceDiagram-3UESZ5HK-BucgrXm7.js      [39m[1m[2m  116.84 kB[22m[1m[22m[2m Γöé gzip:  31.02 kB[22m
[2mdist/[22m[36massets/asciidoc-Ve4PFQV2.js                      [39m[1m[2m  131.53 kB[22m[1m[22m[2m Γöé gzip:   9.34 kB[22m
[2mdist/[22m[36massets/mdx-Cmh6b_Ma.js                           [39m[1m[2m  136.11 kB[22m[1m[22m[2m Γöé gzip:  23.35 kB[22m
[2mdist/[22m[36massets/architectureDiagram-3BPJPVTR-Bem-QVJg.js  [39m[1m[2m  149.40 kB[22m[1m[22m[2m Γöé gzip:  42.17 kB[22m
[2mdist/[22m[36massets/objective-cpp-CLxacb5B.js                 [39m[1m[2m  171.97 kB[22m[1m[22m[2m Γöé gzip:  30.62 kB[22m
[2mdist/[22m[36massets/javascript-wDzz0qaB.js                    [39m[1m[2m  174.83 kB[22m[1m[22m[2m Γöé gzip:  16.51 kB[22m
[2mdist/[22m[36massets/tsx-COt5Ahok.js                           [39m[1m[2m  175.54 kB[22m[1m[22m[2m Γöé gzip:  16.51 kB[22m
[2mdist/[22m[36massets/jsx-g9-lgVsj.js                           [39m[1m[2m  177.79 kB[22m[1m[22m[2m Γöé gzip:  16.61 kB[22m
[2mdist/[22m[36massets/typescript-BPQ3VLAy.js                    [39m[1m[2m  181.08 kB[22m[1m[22m[2m Γöé gzip:  16.04 kB[22m
[2mdist/[22m[36massets/angular-ts-BwZT4LLn.js                    [39m[1m[2m  183.82 kB[22m[1m[22m[2m Γöé gzip:  16.63 kB[22m
[2mdist/[22m[36massets/vue-vine-CQOfvN7w.js                      [39m[1m[2m  190.05 kB[22m[1m[22m[2m Γöé gzip:  17.98 kB[22m
[2mdist/[22m[36massets/katex-HP8lGamR.js                         [39m[1m[2m  261.31 kB[22m[1m[22m[2m Γöé gzip:  77.57 kB[22m
[2mdist/[22m[36massets/wolfram-lXgVvXCa.js                       [39m[1m[2m  262.39 kB[22m[1m[22m[2m Γöé gzip:  77.14 kB[22m
[2mdist/[22m[36massets/cytoscape.esm-D3_iZ_3b.js                 [39m[1m[2m  442.92 kB[22m[1m[22m[2m Γöé gzip: 141.93 kB[22m
[2mdist/[22m[36massets/wardley-L42UT6IY-B2pYI9rQ.js              [39m[1m[33m  612.68 kB[39m[22m[2m Γöé gzip: 147.52 kB[22m
[2mdist/[22m[36massets/wasm-CG6Dc4jp.js                          [39m[1m[33m  622.34 kB[39m[22m[2m Γöé gzip: 230.29 kB[22m
[2mdist/[22m[36massets/cpp-CofmeUqb.js                           [39m[1m[33m  626.08 kB[39m[22m[2m Γöé gzip:  44.82 kB[22m
[2mdist/[22m[36massets/emacs-lisp-C9XAeP06.js                    [39m[1m[33m  779.85 kB[39m[22m[2m Γöé gzip: 196.03 kB[22m
[2mdist/[22m[36massets/index-DxmhwY5O.js                         [39m[1m[33m2,517.54 kB[39m[22m[2m Γöé gzip: 726.55 kB[22m

(!) Some chunks are larger than 500 kB after minification. Consider:
- Using dynamic import() to code-split the application
- Use build.rollupOptions.output.manualChunks to improve chunking: https://rollupjs.org/configuration-options/#output-manualchunks
- Adjust chunk size limit for this warning via build.chunkSizeWarningLimit.
[32mΓ£ô built in 20.21s[39m
Γ£à Build successful
≡ƒöÉ Starting CDF login flow...

≡ƒôí Fetching OpenID configuration from https://auth.cognite.com...
≡ƒöÉ Using in-memory self-signed certificate for HTTPS ΓÇö your browser will give you a warning.
   Run `npx @cognite/cli@latest apps setup-https` to install trusted local https certificates.
≡ƒÅó Organization: tridiagonalsolutions
≡ƒÜÇ Opening browser for authentication...

≡ƒîÉ Local HTTPS server started on https://localhost:3000
≡ƒöä Exchanging authorization code for tokens...
options.getToken is deprecated and has been renamed to `options.oidcTokenProvider`.

Deploying to tridcognite-sanbox...
≡ƒôª Packaging application...
  ≡ƒôä assets/abap-BdImnpbu.js
  ≡ƒôä assets/actionscript-3-CoDkCxhg.js
  ≡ƒôä assets/ada-bCR0ucgS.js
  ≡ƒôä assets/andromeeda-C4gqWexZ.js
  ≡ƒôä assets/angular-html-CU67Zn6k.js
  ≡ƒôä assets/angular-ts-BwZT4LLn.js
  ≡ƒôä assets/apache-Pmp26Uib.js
  ≡ƒôä assets/apex-D8_7TLub.js
  ≡ƒôä assets/apl-dKokRX4l.js
  ≡ƒôä assets/applescript-Co6uUVPk.js
  ≡ƒôä assets/ara-BRHolxvo.js
  ≡ƒôä assets/arc-CHI37ve2.js
  ≡ƒôä assets/architectureDiagram-3BPJPVTR-Bem-QVJg.js
  ≡ƒôä assets/asciidoc-Ve4PFQV2.js
  ≡ƒôä assets/asm-D_Q5rh1f.js
  ≡ƒôä assets/astro-CbQHKStN.js
  ≡ƒôä assets/aurora-x-D-2ljcwZ.js
  ≡ƒôä assets/awk-DMzUqQB5.js
  ≡ƒôä assets/ayu-dark-DYE7WIF3.js
  ≡ƒôä assets/ayu-light-BA47KaF1.js
  ≡ƒôä assets/ayu-mirage-32ctXXKs.js
  ≡ƒôä assets/ballerina-BFfxhgS-.js
  ≡ƒôä assets/bat-BkioyH1T.js
  ≡ƒôä assets/beancount-k_qm7-4y.js
  ≡ƒôä assets/berry-uYugtg8r.js
  ≡ƒôä assets/bibtex-CHM0blh-.js
  ≡ƒôä assets/bicep-Bmn6On1c.js
  ≡ƒôä assets/bird2-DPOp833l.js
  ≡ƒôä assets/blade-D4QpJJKB.js
  ≡ƒôä assets/blockDiagram-GPEHLZMM-ROAA0zea.js
  ≡ƒôä assets/bsl-BO_Y6i37.js
  ≡ƒôä assets/c-BIGW1oBm.js
  ≡ƒôä assets/c3-eo99z4R2.js
  ≡ƒôä assets/c4Diagram-AAUBKEIU-EcVbjEfe.js
  ≡ƒôä assets/cadence-Bv_4Rxtq.js
  ≡ƒôä assets/cairo-KRGpt6FW.js
  ≡ƒôä assets/catppuccin-frappe-DFWUc33u.js
  ≡ƒôä assets/catppuccin-latte-C9dUb6Cb.js
  ≡ƒôä assets/catppuccin-macchiato-DQyhUUbL.js
  ≡ƒôä assets/catppuccin-mocha-D87Tk5Gz.js
  ≡ƒôä assets/channel-CxRtNMuQ.js
  ≡ƒôä assets/chunk-2J33WTMH-DYJuXgXz.js
  ≡ƒôä assets/chunk-4BX2VUAB-CnDymH7Y.js
  ≡ƒôä assets/chunk-55IACEB6-Bk3u0nbG.js
  ≡ƒôä assets/chunk-727SXJPM-Dk_Iye9r.js
  ≡ƒôä assets/chunk-AQP2D5EJ-lMehkZ0T.js
  ≡ƒôä assets/chunk-FMBD7UC4-BM13PJVV.js
  ≡ƒôä assets/chunk-ND2GUHAM-qspZsdOT.js
  ≡ƒôä assets/chunk-QZHKN3VN-E8Vu0m3q.js
  ≡ƒôä assets/clarity-D53aC0YG.js
  ≡ƒôä assets/classDiagram-4FO5ZUOK-lNklumUP.js
  ≡ƒôä assets/classDiagram-v2-Q7XG4LA2-lNklumUP.js
  ≡ƒôä assets/clojure-P80f7IUj.js
  ≡ƒôä assets/cmake-D1j8_8rp.js
  ≡ƒôä assets/cobol-nwyudZeR.js
  ≡ƒôä assets/codeowners-Bp6g37R7.js
  ≡ƒôä assets/codeql-DsOJ9woJ.js
  ≡ƒôä assets/coffee-Ch7k5sss.js
  ≡ƒôä assets/common-lisp-Cg-RD9OK.js
  ≡ƒôä assets/coq-DkFqJrB1.js
  ≡ƒôä assets/cose-bilkent-S5V4N54A-p7vftY7m.js
  ≡ƒôä assets/cpp-CofmeUqb.js
  ≡ƒôä assets/crystal-tKQVLTB8.js
  ≡ƒôä assets/csharp-COcwbKMJ.js
  ≡ƒôä assets/css-DPfMkruS.js
  ≡ƒôä assets/csv-fuZLfV_i.js
  ≡ƒôä assets/cue-D82EKSYY.js
  ≡ƒôä assets/cypher-COkxafJQ.js
  ≡ƒôä assets/cytoscape.esm-D3_iZ_3b.js
  ≡ƒôä assets/d-85-TOEBH.js
  ≡ƒôä assets/dagre-BM42HDAG-BLtrr9HS.js
  ≡ƒôä assets/dark-plus-C3mMm8J8.js
  ≡ƒôä assets/dart-CF10PKvl.js
  ≡ƒôä assets/dax-CEL-wOlO.js
  ≡ƒôä assets/desktop-BmXAJ9_W.js
  ≡ƒôä assets/diagram-2AECGRRQ-BWDtd6s_.js
  ≡ƒôä assets/diagram-5GNKFQAL-BmHeveB9.js
  ≡ƒôä assets/diagram-KO2AKTUF-CJuIaWjo.js
  ≡ƒôä assets/diagram-LMA3HP47-B2MR1dlg.js
  ≡ƒôä assets/diagram-OG6HWLK6-C5_schxL.js
  ≡ƒôä assets/diff-D97Zzqfu.js
  ≡ƒôä assets/docker-BcOcwvcX.js
  ≡ƒôä assets/dotenv-Da5cRb03.js
  ≡ƒôä assets/dracula-BzJJZx-M.js
  ≡ƒôä assets/dracula-soft-BXkSAIEj.js
  ≡ƒôä assets/dream-maker-BtqSS_iP.js
  ≡ƒôä assets/edge-BkV0erSs.js
  ≡ƒôä assets/elixir-CDX3lj18.js
  ≡ƒôä assets/elm-DbKCFpqz.js
  ≡ƒôä assets/emacs-lisp-C9XAeP06.js
  ≡ƒôä assets/erb-B12qg9BL.js
  ≡ƒôä assets/erDiagram-TEJ5UH35-RVUu7o-k.js
  ≡ƒôä assets/erlang-DsQrWhSR.js
  ≡ƒôä assets/everforest-dark-BgDCqdQA.js
  ≡ƒôä assets/everforest-light-C8M2exoo.js
  ≡ƒôä assets/fennel-BYunw83y.js
  ≡ƒôä assets/fish-BvzEVeQv.js
  ≡ƒôä assets/flowDiagram-I6XJVG4X-CvRbcH6q.js
  ≡ƒôä assets/fluent-C4IJs8-o.js
  ≡ƒôä assets/fortran-fixed-form-CkoXwp7k.js
  ≡ƒôä assets/fortran-free-form-BxgE0vQu.js
  ≡ƒôä assets/fsharp-CXgrBDvD.js
  ≡ƒôä assets/ganttDiagram-6RSMTGT7-CxIFgTX1.js
  ≡ƒôä assets/gdresource-BOOCDP_w.js
  ≡ƒôä assets/gdscript-C5YyOfLZ.js
  ≡ƒôä assets/gdshader-DkwncUOv.js
  ≡ƒôä assets/genie-D0YGMca9.js
  ≡ƒôä assets/gherkin-DyxjwDmM.js
  ≡ƒôä assets/git-commit-F4YmCXRG.js
  ≡ƒôä assets/git-rebase-r7XF79zn.js
  ≡ƒôä assets/gitGraphDiagram-PVQCEYII-BDpBiy6Q.js
  ≡ƒôä assets/github-dark-default-Cuk6v7N8.js
  ≡ƒôä assets/github-dark-DHJKELXO.js
  ≡ƒôä assets/github-dark-dimmed-DH5Ifo-i.js
  ≡ƒôä assets/github-dark-high-contrast-E3gJ1_iC.js
  ≡ƒôä assets/github-light-DAi9KRSo.js
  ≡ƒôä assets/github-light-default-D7oLnXFd.js
  ≡ƒôä assets/github-light-high-contrast-BfjtVDDH.js
  ≡ƒôä assets/gleam-BspZqrRM.js
  ≡ƒôä assets/glimmer-js-Rg0-pVw9.js
  ≡ƒôä assets/glimmer-ts-U6CK756n.js
  ≡ƒôä assets/glsl-DplSGwfg.js
  ≡ƒôä assets/gn-n2N0HUVH.js
  ≡ƒôä assets/gnuplot-DdkO51Og.js
  ≡ƒôä assets/go-CxLEBnE3.js
  ≡ƒôä assets/graph--OzhPTMs.js
  ≡ƒôä assets/graphql-ChdNCCLP.js
  ≡ƒôä assets/groovy-gcz8RCvz.js
  ≡ƒôä assets/gruvbox-dark-hard-CFHQjOhq.js
  ≡ƒôä assets/gruvbox-dark-medium-GsRaNv29.js
  ≡ƒôä assets/gruvbox-dark-soft-CVdnzihN.js
  ≡ƒôä assets/gruvbox-light-hard-CH1njM8p.js
  ≡ƒôä assets/gruvbox-light-medium-DRw_LuNl.js
  ≡ƒôä assets/gruvbox-light-soft-hJgmCMqR.js
  ≡ƒôä assets/hack-CaT9iCJl.js
  ≡ƒôä assets/haml-B8DHNrY2.js
  ≡ƒôä assets/handlebars-BL8al0AC.js
  ≡ƒôä assets/haskell-Df6bDoY_.js
  ≡ƒôä assets/haxe-CzTSHFRz.js
  ≡ƒôä assets/hcl-BWvSN4gD.js
  ≡ƒôä assets/highlighted-body-OFNGDK62-_p6zkNRP.js
  ≡ƒôä assets/hjson-D5-asLiD.js
  ≡ƒôä assets/hlsl-D3lLCCz7.js
  ≡ƒôä assets/horizon-bright-Cn-bp-IR.js
  ≡ƒôä assets/horizon-BUw7H-hv.js
  ≡ƒôä assets/houston-DnULxvSX.js
  ≡ƒôä assets/html-derivative-BFtXZ54Q.js
  ≡ƒôä assets/html-GMplVEZG.js
  ≡ƒôä assets/http-jrhK8wxY.js
  ≡ƒôä assets/hurl-irOxFIW8.js
  ≡ƒôä assets/hxml-Bvhsp5Yf.js
  ≡ƒôä assets/hy-DFXneXwc.js
  ≡ƒôä assets/imba-DGztddWO.js
  ≡ƒôä assets/index-BrmJL0eo.css
  ≡ƒôä assets/index-DxmhwY5O.js
  ≡ƒôä assets/infoDiagram-5YYISTIA-Dipvshez.js
  ≡ƒôä assets/ini-BEwlwnbL.js
  ≡ƒôä assets/ishikawaDiagram-YF4QCWOH-Hriexg7b.js
  ≡ƒôä assets/java-CylS5w8V.js
  ≡ƒôä assets/javascript-wDzz0qaB.js
  ≡ƒôä assets/jinja-4LBKfQ-Z.js
  ≡ƒôä assets/jison-wvAkD_A8.js
  ≡ƒôä assets/journeyDiagram-JHISSGLW-Bo592XAd.js
  ≡ƒôä assets/json-Cp-IABpG.js
  ≡ƒôä assets/json5-C9tS-k6U.js
  ≡ƒôä assets/jsonc-Des-eS-w.js
  ≡ƒôä assets/jsonl-DcaNXYhu.js
  ≡ƒôä assets/jsonnet-DFQXde-d.js
  ≡ƒôä assets/jssm-C2t-YnRu.js
  ≡ƒôä assets/jsx-g9-lgVsj.js
  ≡ƒôä assets/julia-CxzCAyBv.js
  ≡ƒôä assets/just-Cw27pwNe.js
  ≡ƒôä assets/kanagawa-dragon-CkXjmgJE.js
  ≡ƒôä assets/kanagawa-lotus-CfQXZHmo.js
  ≡ƒôä assets/kanagawa-wave-DWedfzmr.js
  ≡ƒôä assets/kanban-definition-UN3LZRKU-BkTR5i3O.js
  ≡ƒôä assets/katex-HP8lGamR.js
  ≡ƒôä assets/kdl-DV7GczEv.js
  ≡ƒôä assets/kotlin-BdnUsdx6.js
  ≡ƒôä assets/kusto-DZf3V79B.js
  ≡ƒôä assets/laserwave-DUszq2jm.js
  ≡ƒôä assets/latex-CWtU0Tv5.js
  ≡ƒôä assets/layout-SsrduOYp.js
  ≡ƒôä assets/lean-BZvkOJ9d.js
  ≡ƒôä assets/less-B1dDrJ26.js
  ≡ƒôä assets/light-plus-B7mTdjB0.js
  ≡ƒôä assets/liquid-DYVedYrR.js
  ≡ƒôä assets/llvm-DjAJT7YJ.js
  ≡ƒôä assets/log-2UxHyX5q.js
  ≡ƒôä assets/logo-BtOb2qkB.js
  ≡ƒôä assets/lua-BaeVxFsk.js
  ≡ƒôä assets/luau-C-HG3fhB.js
  ≡ƒôä assets/make-CHLpvVh8.js
  ≡ƒôä assets/manifest-OIDG0HFb.json
  ≡ƒôä assets/markdown-Cvjx9yec.js
  ≡ƒôä assets/marko-CnJfTvn9.js
  ≡ƒôä assets/material-theme-D5KoaKCx.js
  ≡ƒôä assets/material-theme-darker-BfHTSMKl.js
  ≡ƒôä assets/material-theme-lighter-B0m2ddpp.js
  ≡ƒôä assets/material-theme-ocean-CyktbL80.js
  ≡ƒôä assets/material-theme-palenight-Csfq5Kiy.js
  ≡ƒôä assets/matlab-D7o27uSR.js
  ≡ƒôä assets/mdc-BMNejdWA.js
  ≡ƒôä assets/mdx-Cmh6b_Ma.js
  ≡ƒôä assets/mermaid-mWjccvbQ.js
  ≡ƒôä assets/min-dark-CafNBF8u.js
  ≡ƒôä assets/min-light-CTRr51gU.js
  ≡ƒôä assets/mindmap-definition-RKZ34NQL-D1WeHbIb.js
  ≡ƒôä assets/mipsasm-CKIfxQSi.js
  ≡ƒôä assets/mojo-rZm6bMo-.js
  ≡ƒôä assets/monokai-D4h5O-jR.js
  ≡ƒôä assets/moonbit-_H4v1dQx.js
  ≡ƒôä assets/move-IF9eRakj.js
  ≡ƒôä assets/narrat-DRg8JJMk.js
  ≡ƒôä assets/nextflow-groovy-BeH2EWoN.js
  ≡ƒôä assets/nextflow-Zz6hmt5N.js
  ≡ƒôä assets/nginx-BpAMiNFr.js
  ≡ƒôä assets/night-owl-C39BiMTA.js
  ≡ƒôä assets/night-owl-light-CMTm3GFP.js
  ≡ƒôä assets/nim-CVrawwO9.js
  ≡ƒôä assets/nix-CwoSXNpI.js
  ≡ƒôä assets/nord-Ddv68eIx.js
  ≡ƒôä assets/nushell-Cz2AlsmD.js
  ≡ƒôä assets/objective-c-DXmwc3jG.js
  ≡ƒôä assets/objective-cpp-CLxacb5B.js
  ≡ƒôä assets/ocaml-C0hk2d4L.js
  ≡ƒôä assets/odin-BBf5iR-q.js
  ≡ƒôä assets/one-dark-pro-DVMEJ2y_.js
  ≡ƒôä assets/one-light-C3Wv6jpd.js
  ≡ƒôä assets/openscad-C4EeE6gA.js
  ≡ƒôä assets/pascal-D93ZcfNL.js
  ≡ƒôä assets/perl-C0TMdlhV.js
  ≡ƒôä assets/php-Dhbhpdrm.js
  ≡ƒôä assets/pieDiagram-4H26LBE5-BUXLBQ_T.js
  ≡ƒôä assets/pkl-u5AG7uiY.js
  ≡ƒôä assets/plastic-3e1v2bzS.js
  ≡ƒôä assets/plsql-ChMvpjG-.js
  ≡ƒôä assets/po-BTJTHyun.js
  ≡ƒôä assets/poimandres-CS3Unz2-.js
  ≡ƒôä assets/polar-C0HS_06l.js
  ≡ƒôä assets/postcss-CXtECtnM.js
  ≡ƒôä assets/powerquery-CEu0bR-o.js
  ≡ƒôä assets/powershell-Dpen1YoG.js
  ≡ƒôä assets/prisma-Dd19v3D-.js
  ≡ƒôä assets/prolog-CbFg5uaA.js
  ≡ƒôä assets/proto-C7zT0LnQ.js
  ≡ƒôä assets/pug-CGlum2m_.js
  ≡ƒôä assets/puppet-BMWR74SV.js
  ≡ƒôä assets/purescript-CklMAg4u.js
  ≡ƒôä assets/python-B6aJPvgy.js
  ≡ƒôä assets/qml-3beO22l8.js
  ≡ƒôä assets/qmldir-C8lEn-DE.js
  ≡ƒôä assets/qss-IeuSbFQv.js
  ≡ƒôä assets/quadrantDiagram-W4KKPZXB-D6GuRsyB.js
  ≡ƒôä assets/r-Dspwwk_N.js
  ≡ƒôä assets/racket-BqYA7rlc.js
  ≡ƒôä assets/raku-DXvB9xmW.js
  ≡ƒôä assets/razor-Uh8Bk_45.js
  ≡ƒôä assets/red-bN70gL4F.js
  ≡ƒôä assets/reg-C-SQnVFl.js
  ≡ƒôä assets/regexp-CDVJQ6XC.js
  ≡ƒôä assets/rel-C3B-1QV4.js
  ≡ƒôä assets/requirementDiagram-4Y6WPE33-BTxMwbOb.js
  ≡ƒôä assets/riscv-BM1_JUlF.js
  ≡ƒôä assets/ron-D8l8udqQ.js
  ≡ƒôä assets/rose-pine-dawn-DHQR4-dF.js
  ≡ƒôä assets/rose-pine-moon-D4_iv3hh.js
  ≡ƒôä assets/rose-pine-qdsjHGoJ.js
  ≡ƒôä assets/rosmsg-BJDFO7_C.js
  ≡ƒôä assets/rst-BrH8l1NY.js
  ≡ƒôä assets/ruby-Dw2BHqvy.js
  ≡ƒôä assets/rust-B1yitclQ.js
  ≡ƒôä assets/sankeyDiagram-5OEKKPKP-DYvZfx-5.js
  ≡ƒôä assets/sas-cz2c8ADy.js
  ≡ƒôä assets/sass-Cj5Yp3dK.js
  ≡ƒôä assets/scala-C151Ov-r.js
  ≡ƒôä assets/scheme-C98Dy4si.js
  ≡ƒôä assets/scss-OYdSNvt2.js
  ≡ƒôä assets/sdbl-DVxCFoDh.js
  ≡ƒôä assets/sequenceDiagram-3UESZ5HK-BucgrXm7.js
  ≡ƒôä assets/shaderlab-Dg9Lc6iA.js
  ≡ƒôä assets/shellscript-Yzrsuije.js
  ≡ƒôä assets/shellsession-BADoaaVG.js
  ≡ƒôä assets/slack-dark-BthQWCQV.js
  ≡ƒôä assets/slack-ochin-DqwNpetd.js
  ≡ƒôä assets/smalltalk-BERRCDM3.js
  ≡ƒôä assets/snazzy-light-Bw305WKR.js
  ≡ƒôä assets/solarized-dark-DXbdFlpD.js
  ≡ƒôä assets/solarized-light-L9t79GZl.js
  ≡ƒôä assets/solidity-rGO070M0.js
  ≡ƒôä assets/soy-Brmx7dQM.js
  ≡ƒôä assets/sparql-rVzFXLq3.js
  ≡ƒôä assets/splunk-BtCnVYZw.js
  ≡ƒôä assets/sql-BLtJtn59.js
  ≡ƒôä assets/ssh-config-_ykCGR6B.js
  ≡ƒôä assets/stata-BH5u7GGu.js
  ≡ƒôä assets/stateDiagram-AJRCARHV-BzCbiIId.js
  ≡ƒôä assets/stateDiagram-v2-BHNVJYJU-BG6mzeHR.js
  ≡ƒôä assets/stylus-BEDo0Tqx.js
  ≡ƒôä assets/surrealql-Bq5Q-fJD.js
  ≡ƒôä assets/svelte-C_ipcX3V.js
  ≡ƒôä assets/swift-D82vCrfD.js
  ≡ƒôä assets/synthwave-84-CbfX1IO0.js
  ≡ƒôä assets/system-verilog-CnnmHF94.js
  ≡ƒôä assets/systemd-4A_iFExJ.js
  ≡ƒôä assets/talonscript-CkByrt1z.js
  ≡ƒôä assets/tasl-QIJgUcNo.js
  ≡ƒôä assets/tcl-dwOrl1Do.js
  ≡ƒôä assets/templ-P3uqSqPl.js
  ≡ƒôä assets/terraform-BETggiCN.js
  ≡ƒôä assets/tex-idrVyKtj.js
  ≡ƒôä assets/timeline-definition-PNZ67QCA-DHmDHvtr.js
  ≡ƒôä assets/tokyo-night-hegEt444.js
  ≡ƒôä assets/toml-vGWfd6FD.js
  ≡ƒôä assets/ts-tags-zn1MmPIZ.js
  ≡ƒôä assets/tsv-B_m7g4N7.js
  ≡ƒôä assets/tsx-COt5Ahok.js
  ≡ƒôä assets/turtle-BsS91CYL.js
  ≡ƒôä assets/twig-DNn4PbVi.js
  ≡ƒôä assets/typescript-BPQ3VLAy.js
  ≡ƒôä assets/typespec-BGHnOYBU.js
  ≡ƒôä assets/typst-DHCkPAjA.js
  ≡ƒôä assets/v-BcVCzyr7.js
  ≡ƒôä assets/vala-CsfeWuGM.js
  ≡ƒôä assets/vb-D17OF-Vu.js
  ≡ƒôä assets/vennDiagram-CIIHVFJN-BW8PSbdN.js
  ≡ƒôä assets/verilog-BQ8w6xss.js
  ≡ƒôä assets/vesper-DU1UobuO.js
  ≡ƒôä assets/vhdl-CeAyd5Ju.js
  ≡ƒôä assets/viml-CJc9bBzg.js
  ≡ƒôä assets/vitesse-black-Bkuqu6BP.js
  ≡ƒôä assets/vitesse-dark-D0r3Knsf.js
  ≡ƒôä assets/vitesse-light-CVO1_9PV.js
  ≡ƒôä assets/vue-DN_0RTcg.js
  ≡ƒôä assets/vue-html-AaS7Mt5G.js
  ≡ƒôä assets/vue-vine-CQOfvN7w.js
  ≡ƒôä assets/vyper-CDx5xZoG.js
  ≡ƒôä assets/wardley-L42UT6IY-B2pYI9rQ.js
  ≡ƒôä assets/wardleyDiagram-YWT4CUSO-Cowyfw_J.js
  ≡ƒôä assets/wasm-CG6Dc4jp.js
  ≡ƒôä assets/wasm-MzD3tlZU.js
  ≡ƒôä assets/wenyan-BV7otONQ.js
  ≡ƒôä assets/wgsl-Dx-B1_4e.js
  ≡ƒôä assets/wikitext-BhOHFoWU.js
  ≡ƒôä assets/wit-5i3qLPDT.js
  ≡ƒôä assets/wolfram-lXgVvXCa.js
  ≡ƒôä assets/xml-sdJ4AIDG.js
  ≡ƒôä assets/xsl-CtQFsRM5.js
  ≡ƒôä assets/xychartDiagram-2RQKCTM6-BsbijsZ2.js
  ≡ƒôä assets/yaml-Buea-lGh.js
  ≡ƒôä assets/zenscript-DVFEvuxE.js
  ≡ƒôä assets/zig-VOosw3JB.js
  ≡ƒôä index.html
  ≡ƒôä .cognite/package.json
  ≡ƒôä .cognite/manifest.json
  ≡ƒôä .cognite/package-lock.json
Γ£à App packaged: C:\Cognite\flows_pump_health\.cognite-bundles\pump-health-0.0.7.zip (3.24 MB)

≡ƒÜÇ Deploying application via App Hosting API...

≡ƒöì Ensuring app exists...
Γ£à App 'pump-health' already exists
≡ƒôñ Uploading version 0.0.7...
Γ£à Version 0.0.7 uploaded

Γ£à Deployment successful!

Successfully deployed Pump Health version 0.0.7 to tridiagonalsolutions/tridcognite-sanbox
App is deployed in draft mode

To sign:     npx @cognite/cli apps sign --interactive
To publish:  npx @cognite/cli apps publish .
To activate: npx @cognite/cli apps activate .

To submit for certification: npx @cognite/cli apps submit

Open your app:
   https://tridiagonalsolutions.fusion.cognite.com/tridcognite-sanbox/flows-apps/app/pump-health?cluster=aw-was-gp-001.cognitedata.com&customAppVersion=0.0.7&workspace=industrial-tools
